[2021-08-05 15:08:59,615] - logger.py] - INFO: --测试开始--
[2021-08-05 15:08:59,616] - logger.py] - INFO: 操作步骤1，2,3
[2021-08-05 15:08:59,616] - logger.py] - WARNING: --测试结束--
[2021-08-05 16:14:48,809] - logger.py] - INFO: caseName: <获取首页帖子列表>
[2021-08-05 16:14:48,893] - logger.py] - INFO: caseName: <登录接口>
[2021-08-05 16:14:48,978] - logger.py] - INFO: 断言结果：pass (南风知我意 == 南风知我意)
[2021-08-05 16:14:48,978] - logger.py] - INFO: caseName: <获取个人信息接口>
[2021-08-05 16:14:49,063] - logger.py] - INFO: 断言结果：pass (南风知我意 == 南风知我意)
[2021-08-05 16:14:49,063] - logger.py] - INFO: 断言结果：pass (0.0 == 0.0)
[2021-08-05 16:14:49,063] - logger.py] - INFO: 断言结果：pass (2000 == 2000)
[2021-08-05 16:15:43,944] - logger.py] - INFO: caseName: <获取首页帖子列表>
[2021-08-05 16:15:44,032] - logger.py] - INFO: 断言结果：pass (100 in Response Body)
[2021-08-05 16:15:44,032] - logger.py] - INFO: caseName: <登录接口>
[2021-08-05 16:15:44,148] - logger.py] - INFO: 断言结果：pass (南风知我意 == 南风知我意)
[2021-08-05 16:15:44,163] - logger.py] - INFO: caseName: <获取个人信息接口>
[2021-08-05 16:15:44,248] - logger.py] - INFO: 断言结果：pass (南风知我意 == 南风知我意)
[2021-08-05 16:15:44,248] - logger.py] - INFO: 断言结果：pass (0.0 == 0.0)
[2021-08-05 16:15:44,264] - logger.py] - INFO: 断言结果：pass (2000 == 2000)
[2021-08-05 16:18:49,536] - logger.py] - INFO: --------接口自动化测试开始------------
[2021-08-05 16:18:49,536] - logger.py] - INFO: caseName: <获取首页帖子列表>
[2021-08-05 16:18:49,615] - logger.py] - INFO: 断言结果：pass (100 in Response Body)
[2021-08-05 16:18:49,621] - logger.py] - INFO: caseName: <登录接口>
[2021-08-05 16:18:49,702] - logger.py] - INFO: 断言结果：pass (南风知我意 == 南风知我意)
[2021-08-05 16:18:49,702] - logger.py] - INFO: caseName: <获取个人信息接口>
[2021-08-05 16:18:49,769] - logger.py] - INFO: 断言结果：pass (南风知我意 == 南风知我意)
[2021-08-05 16:18:49,769] - logger.py] - INFO: 断言结果：pass (0.0 == 0.0)
[2021-08-05 16:18:49,769] - logger.py] - INFO: 断言结果：pass (2000 == 2000)
[2021-08-05 16:18:49,785] - logger.py] - INFO: --------接口自动化测试结束------------
